2026-06-06T22:52:56.104+05:30  INFO 13116 --- [order-service] [restartedMain] c.m.e.o.OrderServiceApplication          : Starting OrderServiceApplication using Java 21.0.10 with PID 13116 (D:\SpringInitializr\The_Zipped\MicroService-Individual\order-service\target\classes started by SOMENATH in D:\SpringInitializr\The_Zipped\MicroService-Individual\order-service)
2026-06-06T22:52:56.107+05:30  INFO 13116 --- [order-service] [restartedMain] c.m.e.o.OrderServiceApplication          : No active profile set, falling back to 1 default profile: "default"
2026-06-06T22:52:56.145+05:30  INFO 13116 --- [order-service] [restartedMain] .e.DevToolsPropertyDefaultsPostProcessor : Devtools property defaults active! Set 'spring.devtools.add-properties' to 'false' to disable
2026-06-06T22:52:56.153+05:30  INFO 13116 --- [order-service] [restartedMain] .e.DevToolsPropertyDefaultsPostProcessor : For additional web related logging consider setting the 'logging.level.web' property to 'DEBUG'
2026-06-06T22:52:56.654+05:30  INFO 13116 --- [order-service] [restartedMain] .s.d.r.c.RepositoryConfigurationDelegate : Bootstrapping Spring Data JPA repositories in DEFAULT mode.
2026-06-06T22:52:56.737+05:30  INFO 13116 --- [order-service] [restartedMain] .s.d.r.c.RepositoryConfigurationDelegate : Finished Spring Data repository scanning in 76 ms. Found 1 JPA repository interface.
2026-06-06T22:52:56.944+05:30  INFO 13116 --- [order-service] [restartedMain] o.s.cloud.context.scope.GenericScope     : BeanFactory id=686b2c03-5fa0-3d41-82f2-a20c25925852
2026-06-06T22:52:57.243+05:30  INFO 13116 --- [order-service] [restartedMain] o.s.b.w.embedded.tomcat.TomcatWebServer  : Tomcat initialized with port 8082 (http)
2026-06-06T22:52:57.254+05:30  INFO 13116 --- [order-service] [restartedMain] o.apache.catalina.core.StandardService   : Starting service [Tomcat]
2026-06-06T22:52:57.255+05:30  INFO 13116 --- [order-service] [restartedMain] o.apache.catalina.core.StandardEngine    : Starting Servlet engine: [Apache Tomcat/10.1.54]
2026-06-06T22:52:57.341+05:30  INFO 13116 --- [order-service] [restartedMain] o.a.c.c.C.[Tomcat].[localhost].[/]       : Initializing Spring embedded WebApplicationContext
2026-06-06T22:52:57.342+05:30  INFO 13116 --- [order-service] [restartedMain] w.s.c.ServletWebServerApplicationContext : Root WebApplicationContext: initialization completed in 1188 ms
2026-06-06T22:52:57.444+05:30  INFO 13116 --- [order-service] [restartedMain] o.hibernate.jpa.internal.util.LogHelper  : HHH000204: Processing PersistenceUnitInfo [name: default]
2026-06-06T22:52:57.488+05:30  INFO 13116 --- [order-service] [restartedMain] org.hibernate.Version                    : HHH000412: Hibernate ORM core version 6.6.49.Final
2026-06-06T22:52:57.509+05:30  INFO 13116 --- [order-service] [restartedMain] o.h.c.internal.RegionFactoryInitiator    : HHH000026: Second-level cache disabled
2026-06-06T22:52:57.672+05:30  INFO 13116 --- [order-service] [restartedMain] o.s.o.j.p.SpringPersistenceUnitInfo      : No LoadTimeWeaver setup: ignoring JPA class transformer
2026-06-06T22:52:57.692+05:30  INFO 13116 --- [order-service] [restartedMain] com.zaxxer.hikari.HikariDataSource       : HikariPool-1 - Starting...
2026-06-06T22:52:57.907+05:30  INFO 13116 --- [order-service] [restartedMain] com.zaxxer.hikari.pool.HikariPool        : HikariPool-1 - Added connection com.mysql.cj.jdbc.ConnectionImpl@db19ebb
2026-06-06T22:52:57.909+05:30  INFO 13116 --- [order-service] [restartedMain] com.zaxxer.hikari.HikariDataSource       : HikariPool-1 - Start completed.
2026-06-06T22:52:57.961+05:30  INFO 13116 --- [order-service] [restartedMain] org.hibernate.orm.connections.pooling    : HHH10001005: Database info:
	Database JDBC URL [Connecting through datasource 'HikariDataSource (HikariPool-1)']
	Database driver: undefined/unknown
	Database version: 8.0.45
	Autocommit mode: undefined/unknown
	Isolation level: undefined/unknown
	Minimum pool size: undefined/unknown
	Maximum pool size: undefined/unknown
2026-06-06T22:52:58.433+05:30  INFO 13116 --- [order-service] [restartedMain] o.h.e.t.j.p.i.JtaPlatformInitiator       : HHH000489: No JTA platform available (set 'hibernate.transaction.jta.platform' to enable JTA platform integration)
2026-06-06T22:52:58.467+05:30  INFO 13116 --- [order-service] [restartedMain] j.LocalContainerEntityManagerFactoryBean : Initialized JPA EntityManagerFactory for persistence unit 'default'
2026-06-06T22:52:58.729+05:30  WARN 13116 --- [order-service] [restartedMain] JpaBaseConfiguration$JpaWebConfiguration : spring.jpa.open-in-view is enabled by default. Therefore, database queries may be performed during view rendering. Explicitly configure spring.jpa.open-in-view to disable this warning
2026-06-06T22:52:58.756+05:30  WARN 13116 --- [order-service] [restartedMain] o.s.b.d.a.OptionalLiveReloadServer       : Unable to start LiveReload server
2026-06-06T22:52:58.896+05:30  INFO 13116 --- [order-service] [restartedMain] o.s.c.openfeign.FeignClientFactoryBean   : For 'PRODUCT-SERVICE' URL not provided. Will try picking an instance via load-balancing.
2026-06-06T22:52:59.119+05:30  WARN 13116 --- [order-service] [restartedMain] ion$DefaultTemplateResolverConfiguration : Cannot find template location: classpath:/templates/ (please add some templates, check your Thymeleaf configuration, or set spring.thymeleaf.check-template-location=false)
2026-06-06T22:52:59.251+05:30  INFO 13116 --- [order-service] [restartedMain] DiscoveryClientOptionalArgsConfiguration : Eureka HTTP Client uses RestTemplate.
2026-06-06T22:52:59.269+05:30  WARN 13116 --- [order-service] [restartedMain] iguration$LoadBalancerCaffeineWarnLogger : Spring Cloud LoadBalancer is currently working with the default cache. While this cache implementation is useful for development and tests, it's recommended to use Caffeine cache in production.You can switch to using Caffeine cache, by adding it and org.springframework.cache.caffeine.CaffeineCacheManager to the classpath.
2026-06-06T22:52:59.309+05:30  INFO 13116 --- [order-service] [restartedMain] o.s.c.n.eureka.InstanceInfoFactory       : Setting initial instance status as: STARTING
2026-06-06T22:52:59.325+05:30  INFO 13116 --- [order-service] [restartedMain] com.netflix.discovery.DiscoveryClient    : Initializing Eureka in region us-east-1
2026-06-06T22:52:59.327+05:30  INFO 13116 --- [order-service] [restartedMain] c.n.d.s.r.aws.ConfigClusterResolver      : Resolving eureka endpoints via configuration
2026-06-06T22:52:59.335+05:30  INFO 13116 --- [order-service] [restartedMain] com.netflix.discovery.DiscoveryClient    : Disable delta property : false
2026-06-06T22:52:59.336+05:30  INFO 13116 --- [order-service] [restartedMain] com.netflix.discovery.DiscoveryClient    : Single vip registry refresh property : null
2026-06-06T22:52:59.336+05:30  INFO 13116 --- [order-service] [restartedMain] com.netflix.discovery.DiscoveryClient    : Force full registry fetch : false
2026-06-06T22:52:59.336+05:30  INFO 13116 --- [order-service] [restartedMain] com.netflix.discovery.DiscoveryClient    : Application is null : false
2026-06-06T22:52:59.336+05:30  INFO 13116 --- [order-service] [restartedMain] com.netflix.discovery.DiscoveryClient    : Registered Applications size is zero : true
2026-06-06T22:52:59.336+05:30  INFO 13116 --- [order-service] [restartedMain] com.netflix.discovery.DiscoveryClient    : Application version is -1: true
2026-06-06T22:52:59.337+05:30  INFO 13116 --- [order-service] [restartedMain] com.netflix.discovery.DiscoveryClient    : Getting all instance registry info from the eureka server
2026-06-06T22:52:59.583+05:30  INFO 13116 --- [order-service] [restartedMain] com.netflix.discovery.DiscoveryClient    : The response status is 200
2026-06-06T22:52:59.584+05:30  INFO 13116 --- [order-service] [restartedMain] com.netflix.discovery.DiscoveryClient    : Starting heartbeat executor: renew interval is: 30
2026-06-06T22:52:59.586+05:30  INFO 13116 --- [order-service] [restartedMain] c.n.discovery.InstanceInfoReplicator     : InstanceInfoReplicator onDemand update allowed rate per min is 4
2026-06-06T22:52:59.588+05:30  INFO 13116 --- [order-service] [restartedMain] com.netflix.discovery.DiscoveryClient    : Discovery Client initialized at timestamp 1780766579587 with initial instances count: 0
2026-06-06T22:52:59.591+05:30  INFO 13116 --- [order-service] [restartedMain] o.s.c.n.e.s.EurekaServiceRegistry        : Registering application ORDER-SERVICE with eureka with status UP
2026-06-06T22:52:59.592+05:30  INFO 13116 --- [order-service] [restartedMain] com.netflix.discovery.DiscoveryClient    : Saw local status change event StatusChangeEvent [timestamp=1780766579592, current=UP, previous=STARTING]
2026-06-06T22:52:59.593+05:30  INFO 13116 --- [order-service] [DiscoveryClient-InstanceInfoReplicator-%d] com.netflix.discovery.DiscoveryClient    : DiscoveryClient_ORDER-SERVICE/LAPTOP-R7OQ42VU:order-service:8082: registering service...
2026-06-06T22:52:59.611+05:30  INFO 13116 --- [order-service] [restartedMain] o.s.b.w.embedded.tomcat.TomcatWebServer  : Tomcat started on port 8082 (http) with context path '/'
2026-06-06T22:52:59.612+05:30  INFO 13116 --- [order-service] [restartedMain] .s.c.n.e.s.EurekaAutoServiceRegistration : Updating port to 8082
2026-06-06T22:52:59.624+05:30  INFO 13116 --- [order-service] [restartedMain] c.m.e.o.OrderServiceApplication          : Started OrderServiceApplication in 3.798 seconds (process running for 4.373)
2026-06-06T22:52:59.633+05:30  INFO 13116 --- [order-service] [DiscoveryClient-InstanceInfoReplicator-%d] com.netflix.discovery.DiscoveryClient    : DiscoveryClient_ORDER-SERVICE/LAPTOP-R7OQ42VU:order-service:8082 - registration status: 204
2026-06-06T22:53:29.594+05:30  INFO 13116 --- [order-service] [DiscoveryClient-CacheRefreshExecutor-%d] com.netflix.discovery.DiscoveryClient    : Disable delta property : false
2026-06-06T22:53:29.594+05:30  INFO 13116 --- [order-service] [DiscoveryClient-CacheRefreshExecutor-%d] com.netflix.discovery.DiscoveryClient    : Single vip registry refresh property : null
2026-06-06T22:53:29.594+05:30  INFO 13116 --- [order-service] [DiscoveryClient-CacheRefreshExecutor-%d] com.netflix.discovery.DiscoveryClient    : Force full registry fetch : false
2026-06-06T22:53:29.594+05:30  INFO 13116 --- [order-service] [DiscoveryClient-CacheRefreshExecutor-%d] com.netflix.discovery.DiscoveryClient    : Application is null : false
2026-06-06T22:53:29.597+05:30  INFO 13116 --- [order-service] [DiscoveryClient-CacheRefreshExecutor-%d] com.netflix.discovery.DiscoveryClient    : Registered Applications size is zero : true
2026-06-06T22:53:29.598+05:30  INFO 13116 --- [order-service] [DiscoveryClient-CacheRefreshExecutor-%d] com.netflix.discovery.DiscoveryClient    : Application version is -1: false
2026-06-06T22:53:29.598+05:30  INFO 13116 --- [order-service] [DiscoveryClient-CacheRefreshExecutor-%d] com.netflix.discovery.DiscoveryClient    : Getting all instance registry info from the eureka server
2026-06-06T22:53:29.669+05:30  INFO 13116 --- [order-service] [DiscoveryClient-CacheRefreshExecutor-%d] com.netflix.discovery.DiscoveryClient    : The response status is 200
2026-06-06T22:55:46.738+05:30  INFO 13116 --- [order-service] [http-nio-8082-exec-1] o.a.c.c.C.[Tomcat].[localhost].[/]       : Initializing Spring DispatcherServlet 'dispatcherServlet'
2026-06-06T22:55:46.740+05:30  INFO 13116 --- [order-service] [http-nio-8082-exec-1] o.s.web.servlet.DispatcherServlet        : Initializing Servlet 'dispatcherServlet'
2026-06-06T22:55:46.740+05:30  INFO 13116 --- [order-service] [http-nio-8082-exec-1] o.s.web.servlet.DispatcherServlet        : Completed initialization in 0 ms
2026-06-06T22:57:59.348+05:30  INFO 13116 --- [order-service] [AsyncResolver-bootstrap-executor-%d] c.n.d.s.r.aws.ConfigClusterResolver      : Resolving eureka endpoints via configuration
2026-06-06T23:00:05.477+05:30  INFO 13116 --- [order-service] [File Watcher] rtingClassPathChangeChangedEventListener : Restarting due to 1 class path change (0 additions, 0 deletions, 1 modification)
2026-06-06T23:00:05.480+05:30  INFO 13116 --- [order-service] [Thread-1] o.s.c.n.e.s.EurekaServiceRegistry        : Unregistering application ORDER-SERVICE with eureka with status DOWN
2026-06-06T23:00:05.481+05:30  INFO 13116 --- [order-service] [Thread-1] com.netflix.discovery.DiscoveryClient    : Saw local status change event StatusChangeEvent [timestamp=1780767005481, current=DOWN, previous=UP]
2026-06-06T23:00:05.482+05:30  INFO 13116 --- [order-service] [DiscoveryClient-InstanceInfoReplicator-%d] com.netflix.discovery.DiscoveryClient    : DiscoveryClient_ORDER-SERVICE/LAPTOP-R7OQ42VU:order-service:8082: registering service...
2026-06-06T23:00:05.486+05:30  INFO 13116 --- [order-service] [Thread-1] o.s.b.w.e.tomcat.GracefulShutdown        : Commencing graceful shutdown. Waiting for active requests to complete
2026-06-06T23:00:05.492+05:30  INFO 13116 --- [order-service] [tomcat-shutdown] o.s.b.w.e.tomcat.GracefulShutdown        : Graceful shutdown complete
2026-06-06T23:00:05.497+05:30  INFO 13116 --- [order-service] [Thread-1] j.LocalContainerEntityManagerFactoryBean : Closing JPA EntityManagerFactory for persistence unit 'default'
2026-06-06T23:00:05.501+05:30  INFO 13116 --- [order-service] [Thread-1] com.zaxxer.hikari.HikariDataSource       : HikariPool-1 - Shutdown initiated...
2026-06-06T23:00:05.504+05:30  INFO 13116 --- [order-service] [DiscoveryClient-InstanceInfoReplicator-%d] com.netflix.discovery.DiscoveryClient    : DiscoveryClient_ORDER-SERVICE/LAPTOP-R7OQ42VU:order-service:8082 - registration status: 204
2026-06-06T23:00:05.507+05:30  INFO 13116 --- [order-service] [Thread-1] com.zaxxer.hikari.HikariDataSource       : HikariPool-1 - Shutdown completed.
2026-06-06T23:00:05.508+05:30  INFO 13116 --- [order-service] [Thread-1] com.netflix.discovery.DiscoveryClient    : Shutting down DiscoveryClient ...
2026-06-06T23:00:08.517+05:30  INFO 13116 --- [order-service] [Thread-1] com.netflix.discovery.DiscoveryClient    : Unregistering ...
2026-06-06T23:00:08.539+05:30  INFO 13116 --- [order-service] [Thread-1] com.netflix.discovery.DiscoveryClient    : DiscoveryClient_ORDER-SERVICE/LAPTOP-R7OQ42VU:order-service:8082 - deregister  status: 200
2026-06-06T23:00:08.539+05:30  INFO 13116 --- [order-service] [Thread-1] com.netflix.discovery.DiscoveryClient    : Completed shut down of DiscoveryClient
2026-06-06T23:00:08.827+05:30  INFO 13116 --- [order-service] [restartedMain] c.m.e.o.OrderServiceApplication          : Starting OrderServiceApplication using Java 21.0.10 with PID 13116 (D:\SpringInitializr\The_Zipped\MicroService-Individual\order-service\target\classes started by SOMENATH in D:\SpringInitializr\The_Zipped\MicroService-Individual\order-service)
2026-06-06T23:00:08.829+05:30  INFO 13116 --- [order-service] [restartedMain] c.m.e.o.OrderServiceApplication          : No active profile set, falling back to 1 default profile: "default"
2026-06-06T23:00:09.023+05:30  INFO 13116 --- [order-service] [restartedMain] .s.d.r.c.RepositoryConfigurationDelegate : Bootstrapping Spring Data JPA repositories in DEFAULT mode.
2026-06-06T23:00:09.031+05:30  INFO 13116 --- [order-service] [restartedMain] .s.d.r.c.RepositoryConfigurationDelegate : Finished Spring Data repository scanning in 7 ms. Found 1 JPA repository interface.
2026-06-06T23:00:09.092+05:30  INFO 13116 --- [order-service] [restartedMain] o.s.cloud.context.scope.GenericScope     : BeanFactory id=686b2c03-5fa0-3d41-82f2-a20c25925852
2026-06-06T23:00:09.142+05:30  INFO 13116 --- [order-service] [restartedMain] o.s.b.w.embedded.tomcat.TomcatWebServer  : Tomcat initialized with port 8082 (http)
2026-06-06T23:00:09.144+05:30  INFO 13116 --- [order-service] [restartedMain] o.apache.catalina.core.StandardService   : Starting service [Tomcat]
2026-06-06T23:00:09.144+05:30  INFO 13116 --- [order-service] [restartedMain] o.apache.catalina.core.StandardEngine    : Starting Servlet engine: [Apache Tomcat/10.1.54]
2026-06-06T23:00:09.162+05:30  INFO 13116 --- [order-service] [restartedMain] o.a.c.c.C.[Tomcat].[localhost].[/]       : Initializing Spring embedded WebApplicationContext
2026-06-06T23:00:09.162+05:30  INFO 13116 --- [order-service] [restartedMain] w.s.c.ServletWebServerApplicationContext : Root WebApplicationContext: initialization completed in 331 ms
2026-06-06T23:00:09.197+05:30  INFO 13116 --- [order-service] [restartedMain] o.hibernate.jpa.internal.util.LogHelper  : HHH000204: Processing PersistenceUnitInfo [name: default]
2026-06-06T23:00:09.199+05:30  INFO 13116 --- [order-service] [restartedMain] o.h.c.internal.RegionFactoryInitiator    : HHH000026: Second-level cache disabled
2026-06-06T23:00:09.205+05:30  INFO 13116 --- [order-service] [restartedMain] o.s.o.j.p.SpringPersistenceUnitInfo      : No LoadTimeWeaver setup: ignoring JPA class transformer
2026-06-06T23:00:09.207+05:30  INFO 13116 --- [order-service] [restartedMain] com.zaxxer.hikari.HikariDataSource       : HikariPool-2 - Starting...
2026-06-06T23:00:09.221+05:30  INFO 13116 --- [order-service] [restartedMain] com.zaxxer.hikari.pool.HikariPool        : HikariPool-2 - Added connection com.mysql.cj.jdbc.ConnectionImpl@2d9bfd86
2026-06-06T23:00:09.222+05:30  INFO 13116 --- [order-service] [restartedMain] com.zaxxer.hikari.HikariDataSource       : HikariPool-2 - Start completed.
2026-06-06T23:00:09.224+05:30  INFO 13116 --- [order-service] [restartedMain] org.hibernate.orm.connections.pooling    : HHH10001005: Database info:
	Database JDBC URL [Connecting through datasource 'HikariDataSource (HikariPool-2)']
	Database driver: undefined/unknown
	Database version: 8.0.45
	Autocommit mode: undefined/unknown
	Isolation level: undefined/unknown
	Minimum pool size: undefined/unknown
	Maximum pool size: undefined/unknown
2026-06-06T23:00:09.264+05:30  INFO 13116 --- [order-service] [restartedMain] o.h.e.t.j.p.i.JtaPlatformInitiator       : HHH000489: No JTA platform available (set 'hibernate.transaction.jta.platform' to enable JTA platform integration)
2026-06-06T23:00:09.273+05:30  INFO 13116 --- [order-service] [restartedMain] j.LocalContainerEntityManagerFactoryBean : Initialized JPA EntityManagerFactory for persistence unit 'default'
2026-06-06T23:00:09.374+05:30  WARN 13116 --- [order-service] [restartedMain] JpaBaseConfiguration$JpaWebConfiguration : spring.jpa.open-in-view is enabled by default. Therefore, database queries may be performed during view rendering. Explicitly configure spring.jpa.open-in-view to disable this warning
2026-06-06T23:00:09.384+05:30  WARN 13116 --- [order-service] [restartedMain] o.s.b.d.a.OptionalLiveReloadServer       : Unable to start LiveReload server
2026-06-06T23:00:09.404+05:30  INFO 13116 --- [order-service] [restartedMain] o.s.c.openfeign.FeignClientFactoryBean   : For 'PRODUCT-SERVICE' URL not provided. Will try picking an instance via load-balancing.
2026-06-06T23:00:09.456+05:30  WARN 13116 --- [order-service] [restartedMain] ion$DefaultTemplateResolverConfiguration : Cannot find template location: classpath:/templates/ (please add some templates, check your Thymeleaf configuration, or set spring.thymeleaf.check-template-location=false)
2026-06-06T23:00:09.494+05:30  INFO 13116 --- [order-service] [restartedMain] DiscoveryClientOptionalArgsConfiguration : Eureka HTTP Client uses RestTemplate.
2026-06-06T23:00:09.499+05:30  WARN 13116 --- [order-service] [restartedMain] iguration$LoadBalancerCaffeineWarnLogger : Spring Cloud LoadBalancer is currently working with the default cache. While this cache implementation is useful for development and tests, it's recommended to use Caffeine cache in production.You can switch to using Caffeine cache, by adding it and org.springframework.cache.caffeine.CaffeineCacheManager to the classpath.
2026-06-06T23:00:09.517+05:30  INFO 13116 --- [order-service] [restartedMain] o.s.c.n.eureka.InstanceInfoFactory       : Setting initial instance status as: STARTING
2026-06-06T23:00:09.519+05:30  INFO 13116 --- [order-service] [restartedMain] com.netflix.discovery.DiscoveryClient    : Initializing Eureka in region us-east-1
2026-06-06T23:00:09.520+05:30  INFO 13116 --- [order-service] [restartedMain] c.n.d.s.r.aws.ConfigClusterResolver      : Resolving eureka endpoints via configuration
2026-06-06T23:00:09.520+05:30  INFO 13116 --- [order-service] [restartedMain] com.netflix.discovery.DiscoveryClient    : Disable delta property : false
2026-06-06T23:00:09.520+05:30  INFO 13116 --- [order-service] [restartedMain] com.netflix.discovery.DiscoveryClient    : Single vip registry refresh property : null
2026-06-06T23:00:09.520+05:30  INFO 13116 --- [order-service] [restartedMain] com.netflix.discovery.DiscoveryClient    : Force full registry fetch : false
2026-06-06T23:00:09.520+05:30  INFO 13116 --- [order-service] [restartedMain] com.netflix.discovery.DiscoveryClient    : Application is null : false
2026-06-06T23:00:09.520+05:30  INFO 13116 --- [order-service] [restartedMain] com.netflix.discovery.DiscoveryClient    : Registered Applications size is zero : true
2026-06-06T23:00:09.520+05:30  INFO 13116 --- [order-service] [restartedMain] com.netflix.discovery.DiscoveryClient    : Application version is -1: true
2026-06-06T23:00:09.520+05:30  INFO 13116 --- [order-service] [restartedMain] com.netflix.discovery.DiscoveryClient    : Getting all instance registry info from the eureka server
2026-06-06T23:00:09.549+05:30  INFO 13116 --- [order-service] [restartedMain] com.netflix.discovery.DiscoveryClient    : The response status is 200
2026-06-06T23:00:09.549+05:30  INFO 13116 --- [order-service] [restartedMain] com.netflix.discovery.DiscoveryClient    : Starting heartbeat executor: renew interval is: 30
2026-06-06T23:00:09.550+05:30  INFO 13116 --- [order-service] [restartedMain] c.n.discovery.InstanceInfoReplicator     : InstanceInfoReplicator onDemand update allowed rate per min is 4
2026-06-06T23:00:09.550+05:30  INFO 13116 --- [order-service] [restartedMain] com.netflix.discovery.DiscoveryClient    : Discovery Client initialized at timestamp 1780767009550 with initial instances count: 4
2026-06-06T23:00:09.551+05:30  INFO 13116 --- [order-service] [restartedMain] o.s.c.n.e.s.EurekaServiceRegistry        : Registering application ORDER-SERVICE with eureka with status UP
2026-06-06T23:00:09.551+05:30  INFO 13116 --- [order-service] [restartedMain] com.netflix.discovery.DiscoveryClient    : Saw local status change event StatusChangeEvent [timestamp=1780767009551, current=UP, previous=STARTING]
2026-06-06T23:00:09.552+05:30  INFO 13116 --- [order-service] [DiscoveryClient-InstanceInfoReplicator-%d] com.netflix.discovery.DiscoveryClient    : DiscoveryClient_ORDER-SERVICE/LAPTOP-R7OQ42VU:order-service:8082: registering service...
2026-06-06T23:00:09.554+05:30  INFO 13116 --- [order-service] [restartedMain] o.s.b.w.embedded.tomcat.TomcatWebServer  : Tomcat started on port 8082 (http) with context path '/'
2026-06-06T23:00:09.555+05:30  INFO 13116 --- [order-service] [restartedMain] .s.c.n.e.s.EurekaAutoServiceRegistration : Updating port to 8082
2026-06-06T23:00:09.565+05:30  INFO 13116 --- [order-service] [restartedMain] c.m.e.o.OrderServiceApplication          : Started OrderServiceApplication in 0.799 seconds (process running for 434.315)
2026-06-06T23:00:09.566+05:30  INFO 13116 --- [order-service] [DiscoveryClient-InstanceInfoReplicator-%d] com.netflix.discovery.DiscoveryClient    : DiscoveryClient_ORDER-SERVICE/LAPTOP-R7OQ42VU:order-service:8082 - registration status: 204
2026-06-06T23:00:09.570+05:30  INFO 13116 --- [order-service] [restartedMain] .ConditionEvaluationDeltaLoggingListener : Condition evaluation unchanged
2026-06-06T23:00:37.066+05:30  INFO 13116 --- [order-service] [RMI TCP Connection(19)-127.0.0.1] inMXBeanRegistrar$SpringApplicationAdmin : Application shutdown requested.
2026-06-06T23:00:37.067+05:30  INFO 13116 --- [order-service] [RMI TCP Connection(19)-127.0.0.1] o.s.c.n.e.s.EurekaServiceRegistry        : Unregistering application ORDER-SERVICE with eureka with status DOWN
2026-06-06T23:00:37.067+05:30  INFO 13116 --- [order-service] [RMI TCP Connection(19)-127.0.0.1] com.netflix.discovery.DiscoveryClient    : Saw local status change event StatusChangeEvent [timestamp=1780767037067, current=DOWN, previous=UP]
2026-06-06T23:00:37.067+05:30  INFO 13116 --- [order-service] [DiscoveryClient-InstanceInfoReplicator-%d] com.netflix.discovery.DiscoveryClient    : DiscoveryClient_ORDER-SERVICE/LAPTOP-R7OQ42VU:order-service:8082: registering service...
2026-06-06T23:00:37.068+05:30  INFO 13116 --- [order-service] [RMI TCP Connection(19)-127.0.0.1] o.s.b.w.e.tomcat.GracefulShutdown        : Commencing graceful shutdown. Waiting for active requests to complete
2026-06-06T23:00:37.077+05:30  INFO 13116 --- [order-service] [tomcat-shutdown] o.s.b.w.e.tomcat.GracefulShutdown        : Graceful shutdown complete
2026-06-06T23:00:37.081+05:30  INFO 13116 --- [order-service] [RMI TCP Connection(19)-127.0.0.1] j.LocalContainerEntityManagerFactoryBean : Closing JPA EntityManagerFactory for persistence unit 'default'
2026-06-06T23:00:37.082+05:30  INFO 13116 --- [order-service] [RMI TCP Connection(19)-127.0.0.1] com.zaxxer.hikari.HikariDataSource       : HikariPool-2 - Shutdown initiated...
2026-06-06T23:00:37.083+05:30  INFO 13116 --- [order-service] [DiscoveryClient-InstanceInfoReplicator-%d] com.netflix.discovery.DiscoveryClient    : DiscoveryClient_ORDER-SERVICE/LAPTOP-R7OQ42VU:order-service:8082 - registration status: 204
2026-06-06T23:00:37.086+05:30  INFO 13116 --- [order-service] [RMI TCP Connection(19)-127.0.0.1] com.zaxxer.hikari.HikariDataSource       : HikariPool-2 - Shutdown completed.
2026-06-06T23:00:37.087+05:30  INFO 13116 --- [order-service] [RMI TCP Connection(19)-127.0.0.1] com.netflix.discovery.DiscoveryClient    : Shutting down DiscoveryClient ...
2026-06-06T23:00:40.089+05:30  INFO 13116 --- [order-service] [RMI TCP Connection(19)-127.0.0.1] com.netflix.discovery.DiscoveryClient    : Unregistering ...
2026-06-06T23:00:40.089+05:30  WARN 13116 --- [order-service] [DiscoveryClient-%d] c.netflix.discovery.TimedSupervisorTask  : task supervisor shutting down, can't accept the task
2026-06-06T23:00:40.096+05:30  INFO 13116 --- [order-service] [RMI TCP Connection(19)-127.0.0.1] com.netflix.discovery.DiscoveryClient    : DiscoveryClient_ORDER-SERVICE/LAPTOP-R7OQ42VU:order-service:8082 - deregister  status: 200
2026-06-06T23:00:40.096+05:30  INFO 13116 --- [order-service] [RMI TCP Connection(19)-127.0.0.1] com.netflix.discovery.DiscoveryClient    : Completed shut down of DiscoveryClient
2026-06-06T23:00:47.694+05:30  INFO 13180 --- [order-service] [restartedMain] c.m.e.o.OrderServiceApplication          : Starting OrderServiceApplication using Java 21.0.10 with PID 13180 (D:\SpringInitializr\The_Zipped\MicroService-Individual\order-service\target\classes started by SOMENATH in D:\SpringInitializr\The_Zipped\MicroService-Individual\order-service)
2026-06-06T23:00:47.696+05:30  INFO 13180 --- [order-service] [restartedMain] c.m.e.o.OrderServiceApplication          : No active profile set, falling back to 1 default profile: "default"
2026-06-06T23:00:47.728+05:30  INFO 13180 --- [order-service] [restartedMain] .e.DevToolsPropertyDefaultsPostProcessor : Devtools property defaults active! Set 'spring.devtools.add-properties' to 'false' to disable
2026-06-06T23:00:47.728+05:30  INFO 13180 --- [order-service] [restartedMain] .e.DevToolsPropertyDefaultsPostProcessor : For additional web related logging consider setting the 'logging.level.web' property to 'DEBUG'
2026-06-06T23:00:48.230+05:30  INFO 13180 --- [order-service] [restartedMain] .s.d.r.c.RepositoryConfigurationDelegate : Bootstrapping Spring Data JPA repositories in DEFAULT mode.
2026-06-06T23:00:48.317+05:30  INFO 13180 --- [order-service] [restartedMain] .s.d.r.c.RepositoryConfigurationDelegate : Finished Spring Data repository scanning in 79 ms. Found 1 JPA repository interface.
2026-06-06T23:00:48.474+05:30  INFO 13180 --- [order-service] [restartedMain] o.s.cloud.context.scope.GenericScope     : BeanFactory id=686b2c03-5fa0-3d41-82f2-a20c25925852
2026-06-06T23:00:48.777+05:30  INFO 13180 --- [order-service] [restartedMain] o.s.b.w.embedded.tomcat.TomcatWebServer  : Tomcat initialized with port 8082 (http)
2026-06-06T23:00:48.792+05:30  INFO 13180 --- [order-service] [restartedMain] o.apache.catalina.core.StandardService   : Starting service [Tomcat]
2026-06-06T23:00:48.793+05:30  INFO 13180 --- [order-service] [restartedMain] o.apache.catalina.core.StandardEngine    : Starting Servlet engine: [Apache Tomcat/10.1.54]
2026-06-06T23:00:48.831+05:30  INFO 13180 --- [order-service] [restartedMain] o.a.c.c.C.[Tomcat].[localhost].[/]       : Initializing Spring embedded WebApplicationContext
2026-06-06T23:00:48.832+05:30  INFO 13180 --- [order-service] [restartedMain] w.s.c.ServletWebServerApplicationContext : Root WebApplicationContext: initialization completed in 1104 ms
2026-06-06T23:00:48.946+05:30  INFO 13180 --- [order-service] [restartedMain] o.hibernate.jpa.internal.util.LogHelper  : HHH000204: Processing PersistenceUnitInfo [name: default]
2026-06-06T23:00:48.986+05:30  INFO 13180 --- [order-service] [restartedMain] org.hibernate.Version                    : HHH000412: Hibernate ORM core version 6.6.49.Final
2026-06-06T23:00:49.008+05:30  INFO 13180 --- [order-service] [restartedMain] o.h.c.internal.RegionFactoryInitiator    : HHH000026: Second-level cache disabled
2026-06-06T23:00:49.154+05:30  INFO 13180 --- [order-service] [restartedMain] o.s.o.j.p.SpringPersistenceUnitInfo      : No LoadTimeWeaver setup: ignoring JPA class transformer
2026-06-06T23:00:49.187+05:30  INFO 13180 --- [order-service] [restartedMain] com.zaxxer.hikari.HikariDataSource       : HikariPool-1 - Starting...
2026-06-06T23:00:49.412+05:30  INFO 13180 --- [order-service] [restartedMain] com.zaxxer.hikari.pool.HikariPool        : HikariPool-1 - Added connection com.mysql.cj.jdbc.ConnectionImpl@37d3d8c9
2026-06-06T23:00:49.414+05:30  INFO 13180 --- [order-service] [restartedMain] com.zaxxer.hikari.HikariDataSource       : HikariPool-1 - Start completed.
2026-06-06T23:00:49.467+05:30  INFO 13180 --- [order-service] [restartedMain] org.hibernate.orm.connections.pooling    : HHH10001005: Database info:
	Database JDBC URL [Connecting through datasource 'HikariDataSource (HikariPool-1)']
	Database driver: undefined/unknown
	Database version: 8.0.45
	Autocommit mode: undefined/unknown
	Isolation level: undefined/unknown
	Minimum pool size: undefined/unknown
	Maximum pool size: undefined/unknown
2026-06-06T23:00:49.944+05:30  INFO 13180 --- [order-service] [restartedMain] o.h.e.t.j.p.i.JtaPlatformInitiator       : HHH000489: No JTA platform available (set 'hibernate.transaction.jta.platform' to enable JTA platform integration)
2026-06-06T23:00:49.977+05:30  INFO 13180 --- [order-service] [restartedMain] j.LocalContainerEntityManagerFactoryBean : Initialized JPA EntityManagerFactory for persistence unit 'default'
2026-06-06T23:00:50.131+05:30  WARN 13180 --- [order-service] [restartedMain] JpaBaseConfiguration$JpaWebConfiguration : spring.jpa.open-in-view is enabled by default. Therefore, database queries may be performed during view rendering. Explicitly configure spring.jpa.open-in-view to disable this warning
2026-06-06T23:00:50.159+05:30  WARN 13180 --- [order-service] [restartedMain] o.s.b.d.a.OptionalLiveReloadServer       : Unable to start LiveReload server
2026-06-06T23:00:50.246+05:30  INFO 13180 --- [order-service] [restartedMain] o.s.c.openfeign.FeignClientFactoryBean   : For 'PRODUCT-SERVICE' URL not provided. Will try picking an instance via load-balancing.
2026-06-06T23:00:50.469+05:30  WARN 13180 --- [order-service] [restartedMain] ion$DefaultTemplateResolverConfiguration : Cannot find template location: classpath:/templates/ (please add some templates, check your Thymeleaf configuration, or set spring.thymeleaf.check-template-location=false)
2026-06-06T23:00:50.621+05:30  INFO 13180 --- [order-service] [restartedMain] DiscoveryClientOptionalArgsConfiguration : Eureka HTTP Client uses RestTemplate.
2026-06-06T23:00:50.642+05:30  WARN 13180 --- [order-service] [restartedMain] iguration$LoadBalancerCaffeineWarnLogger : Spring Cloud LoadBalancer is currently working with the default cache. While this cache implementation is useful for development and tests, it's recommended to use Caffeine cache in production.You can switch to using Caffeine cache, by adding it and org.springframework.cache.caffeine.CaffeineCacheManager to the classpath.
2026-06-06T23:00:50.693+05:30  INFO 13180 --- [order-service] [restartedMain] o.s.c.n.eureka.InstanceInfoFactory       : Setting initial instance status as: STARTING
2026-06-06T23:00:50.710+05:30  INFO 13180 --- [order-service] [restartedMain] com.netflix.discovery.DiscoveryClient    : Initializing Eureka in region us-east-1
2026-06-06T23:00:50.712+05:30  INFO 13180 --- [order-service] [restartedMain] c.n.d.s.r.aws.ConfigClusterResolver      : Resolving eureka endpoints via configuration
2026-06-06T23:00:50.719+05:30  INFO 13180 --- [order-service] [restartedMain] com.netflix.discovery.DiscoveryClient    : Disable delta property : false
2026-06-06T23:00:50.719+05:30  INFO 13180 --- [order-service] [restartedMain] com.netflix.discovery.DiscoveryClient    : Single vip registry refresh property : null
2026-06-06T23:00:50.719+05:30  INFO 13180 --- [order-service] [restartedMain] com.netflix.discovery.DiscoveryClient    : Force full registry fetch : false
2026-06-06T23:00:50.720+05:30  INFO 13180 --- [order-service] [restartedMain] com.netflix.discovery.DiscoveryClient    : Application is null : false
2026-06-06T23:00:50.720+05:30  INFO 13180 --- [order-service] [restartedMain] com.netflix.discovery.DiscoveryClient    : Registered Applications size is zero : true
2026-06-06T23:00:50.720+05:30  INFO 13180 --- [order-service] [restartedMain] com.netflix.discovery.DiscoveryClient    : Application version is -1: true
2026-06-06T23:00:50.720+05:30  INFO 13180 --- [order-service] [restartedMain] com.netflix.discovery.DiscoveryClient    : Getting all instance registry info from the eureka server
2026-06-06T23:00:51.013+05:30  INFO 13180 --- [order-service] [restartedMain] com.netflix.discovery.DiscoveryClient    : The response status is 200
2026-06-06T23:00:51.015+05:30  INFO 13180 --- [order-service] [restartedMain] com.netflix.discovery.DiscoveryClient    : Starting heartbeat executor: renew interval is: 30
2026-06-06T23:00:51.016+05:30  INFO 13180 --- [order-service] [restartedMain] c.n.discovery.InstanceInfoReplicator     : InstanceInfoReplicator onDemand update allowed rate per min is 4
2026-06-06T23:00:51.017+05:30  INFO 13180 --- [order-service] [restartedMain] com.netflix.discovery.DiscoveryClient    : Discovery Client initialized at timestamp 1780767051017 with initial instances count: 3
2026-06-06T23:00:51.020+05:30  INFO 13180 --- [order-service] [restartedMain] o.s.c.n.e.s.EurekaServiceRegistry        : Registering application ORDER-SERVICE with eureka with status UP
2026-06-06T23:00:51.021+05:30  INFO 13180 --- [order-service] [restartedMain] com.netflix.discovery.DiscoveryClient    : Saw local status change event StatusChangeEvent [timestamp=1780767051021, current=UP, previous=STARTING]
2026-06-06T23:00:51.023+05:30  INFO 13180 --- [order-service] [DiscoveryClient-InstanceInfoReplicator-%d] com.netflix.discovery.DiscoveryClient    : DiscoveryClient_ORDER-SERVICE/LAPTOP-R7OQ42VU:order-service:8082: registering service...
2026-06-06T23:00:51.044+05:30  INFO 13180 --- [order-service] [restartedMain] o.s.b.w.embedded.tomcat.TomcatWebServer  : Tomcat started on port 8082 (http) with context path '/'
2026-06-06T23:00:51.045+05:30  INFO 13180 --- [order-service] [restartedMain] .s.c.n.e.s.EurekaAutoServiceRegistration : Updating port to 8082
2026-06-06T23:00:51.057+05:30  INFO 13180 --- [order-service] [restartedMain] c.m.e.o.OrderServiceApplication          : Started OrderServiceApplication in 3.638 seconds (process running for 4.238)
2026-06-06T23:00:51.066+05:30  INFO 13180 --- [order-service] [DiscoveryClient-InstanceInfoReplicator-%d] com.netflix.discovery.DiscoveryClient    : DiscoveryClient_ORDER-SERVICE/LAPTOP-R7OQ42VU:order-service:8082 - registration status: 204
2026-06-06T23:01:06.601+05:30  INFO 13180 --- [order-service] [http-nio-8082-exec-1] o.a.c.c.C.[Tomcat].[localhost].[/]       : Initializing Spring DispatcherServlet 'dispatcherServlet'
2026-06-06T23:01:06.601+05:30  INFO 13180 --- [order-service] [http-nio-8082-exec-1] o.s.web.servlet.DispatcherServlet        : Initializing Servlet 'dispatcherServlet'
2026-06-06T23:01:06.617+05:30  INFO 13180 --- [order-service] [http-nio-8082-exec-1] o.s.web.servlet.DispatcherServlet        : Completed initialization in 16 ms
